mode: set
github.com/zerospiel/macos-pidof/internal/pidof/pidof.go:42.56,43.28 1 0
github.com/zerospiel/macos-pidof/internal/pidof/pidof.go:43.28,46.3 2 0
github.com/zerospiel/macos-pidof/internal/pidof/pidof.go:48.2,48.20 1 0
github.com/zerospiel/macos-pidof/internal/pidof/pidof.go:48.20,51.3 2 0
github.com/zerospiel/macos-pidof/internal/pidof/pidof.go:53.2,55.16 3 0
github.com/zerospiel/macos-pidof/internal/pidof/pidof.go:55.16,58.3 2 0
github.com/zerospiel/macos-pidof/internal/pidof/pidof.go:60.2,60.20 1 0
github.com/zerospiel/macos-pidof/internal/pidof/pidof.go:60.20,62.3 1 0
github.com/zerospiel/macos-pidof/internal/pidof/pidof.go:64.2,65.27 2 0
github.com/zerospiel/macos-pidof/internal/pidof/pidof.go:65.27,67.3 1 0
github.com/zerospiel/macos-pidof/internal/pidof/pidof.go:68.2,69.10 2 0
github.com/zerospiel/macos-pidof/internal/pidof/pidof.go:73.25,75.2 1 0
github.com/zerospiel/macos-pidof/internal/pidof/pidof.go:78.43,79.20 1 0
github.com/zerospiel/macos-pidof/internal/pidof/pidof.go:79.20,81.3 1 0
github.com/zerospiel/macos-pidof/internal/pidof/pidof.go:83.2,83.17 1 0
github.com/zerospiel/macos-pidof/internal/pidof/pidof.go:84.37,85.14 1 0
github.com/zerospiel/macos-pidof/internal/pidof/pidof.go:86.10,87.15 1 0
github.com/zerospiel/macos-pidof/internal/pidof/pidof.go:92.74,93.21 1 1
github.com/zerospiel/macos-pidof/internal/pidof/pidof.go:93.21,95.3 1 0
github.com/zerospiel/macos-pidof/internal/pidof/pidof.go:97.2,98.16 2 1
github.com/zerospiel/macos-pidof/internal/pidof/pidof.go:98.16,100.3 1 0
github.com/zerospiel/macos-pidof/internal/pidof/pidof.go:102.2,103.29 2 1
github.com/zerospiel/macos-pidof/internal/pidof/pidof.go:103.29,105.20 2 1
github.com/zerospiel/macos-pidof/internal/pidof/pidof.go:105.20,107.4 1 1
github.com/zerospiel/macos-pidof/internal/pidof/pidof.go:109.2,109.23 1 1
github.com/zerospiel/macos-pidof/internal/pidof/pidof.go:109.23,111.3 1 0
github.com/zerospiel/macos-pidof/internal/pidof/pidof.go:113.2,115.36 3 1
github.com/zerospiel/macos-pidof/internal/pidof/pidof.go:115.36,116.33 1 1
github.com/zerospiel/macos-pidof/internal/pidof/pidof.go:116.33,117.36 1 1
github.com/zerospiel/macos-pidof/internal/pidof/pidof.go:117.36,118.40 1 1
github.com/zerospiel/macos-pidof/internal/pidof/pidof.go:118.40,121.6 2 1
github.com/zerospiel/macos-pidof/internal/pidof/pidof.go:122.5,122.10 1 1
github.com/zerospiel/macos-pidof/internal/pidof/pidof.go:127.2,128.18 2 1
github.com/zerospiel/macos-pidof/internal/pidof/pidof.go:132.55,133.45 1 1
github.com/zerospiel/macos-pidof/internal/pidof/pidof.go:133.45,135.3 1 1
github.com/zerospiel/macos-pidof/internal/pidof/pidof.go:137.2,138.48 2 1
github.com/zerospiel/macos-pidof/internal/pidof/pidof.go:138.48,140.3 1 0
github.com/zerospiel/macos-pidof/internal/pidof/pidof.go:142.2,142.14 1 1
github.com/zerospiel/macos-pidof/internal/pidof/pidof.go:146.38,149.2 2 1
github.com/zerospiel/macos-pidof/internal/pidof/pidof.go:152.62,155.16 3 0
github.com/zerospiel/macos-pidof/internal/pidof/pidof.go:155.16,157.3 1 0
github.com/zerospiel/macos-pidof/internal/pidof/pidof.go:159.2,159.30 1 0
github.com/zerospiel/macos-pidof/internal/pidof/pidof.go:163.51,166.21 3 1
github.com/zerospiel/macos-pidof/internal/pidof/pidof.go:166.21,169.10 3 1
github.com/zerospiel/macos-pidof/internal/pidof/pidof.go:169.10,170.12 1 1
github.com/zerospiel/macos-pidof/internal/pidof/pidof.go:172.3,172.41 1 1
github.com/zerospiel/macos-pidof/internal/pidof/pidof.go:175.2,175.38 1 1
github.com/zerospiel/macos-pidof/internal/pidof/pidof.go:175.38,177.3 1 0
github.com/zerospiel/macos-pidof/internal/pidof/pidof.go:179.2,179.23 1 1
github.com/zerospiel/macos-pidof/internal/pidof/pidof.go:183.47,185.16 2 1
github.com/zerospiel/macos-pidof/internal/pidof/pidof.go:185.16,187.3 1 1
github.com/zerospiel/macos-pidof/internal/pidof/pidof.go:189.2,190.20 2 1
github.com/zerospiel/macos-pidof/internal/pidof/pidof.go:190.20,192.3 1 0
github.com/zerospiel/macos-pidof/internal/pidof/pidof.go:194.2,195.16 2 1
github.com/zerospiel/macos-pidof/internal/pidof/pidof.go:195.16,197.3 1 1
github.com/zerospiel/macos-pidof/internal/pidof/pidof.go:199.2,200.24 2 1
github.com/zerospiel/macos-pidof/internal/pidof/pidof.go:200.24,202.3 1 0
github.com/zerospiel/macos-pidof/internal/pidof/pidof.go:204.2,208.9 1 1
github.com/zerospiel/macos-pidof/internal/pidof/pidof.go:212.48,214.22 2 1
github.com/zerospiel/macos-pidof/internal/pidof/pidof.go:214.22,216.3 1 0
github.com/zerospiel/macos-pidof/internal/pidof/pidof.go:218.2,219.12 2 1
github.com/zerospiel/macos-pidof/internal/pidof/pidof.go:219.12,221.3 1 1
github.com/zerospiel/macos-pidof/internal/pidof/pidof.go:223.2,223.39 1 1
github.com/zerospiel/macos-pidof/cmd/main.go:10.13,12.2 1 0
